<?xml version="1.0" encoding="UTF-8"?>
<!-- Generated by org.testng.reporters.JUnitReportReporter -->
<testsuite hostname="Abdelrahman" failures="0" tests="3" name="Tests.Scenario1" time="45.157" errors="0" timestamp="23 Oct 2022 20:42:35 GMT" skipped="0">
  <testcase classname="Tests.Scenario1" name="select_popular_rout" time="7.846"/>
  <testcase classname="Tests.Scenario1" name="select_seats" time="24.636"/>
  <testcase classname="Tests.Scenario1" name="complete_data" time="12.675"/>
</testsuite> <!-- Tests.Scenario1 -->
